1621487833289	geckodriver	INFO	Listening on 127.0.0.1:55315
1621487836878	mozrunner::runner	INFO	Running command: "C:\\Program Files\\Mozilla Firefox\\firefox.exe" "--marionette" "-foreground" "-no-remote" "-profile" "C:\\Users\\Master\\AppData\\Local\\Temp\\rust_mozprofileMqrjP2"
Unable to read VR Path Registry from C:\Users\Master\AppData\Local\openvr\openvrpaths.vrpath
Unable to read VR Path Registry from C:\Users\Master\AppData\Local\openvr\openvrpaths.vrpath
Unable to read VR Path Registry from C:\Users\Master\AppData\Local\openvr\openvrpaths.vrpath
Unable to read VR Path Registry from C:\Users\Master\AppData\Local\openvr\openvrpaths.vrpath
[GPU 9004] WARNING: pipe error: 109: file c:/builds/moz2_slave/m-rel-w64-00000000000000000000/build/src/ipc/chromium/src/chrome/common/ipc_channel_win.cc, line 346
[Child 13520] WARNING: pipe error: 109: file c:/builds/moz2_slave/m-rel-w64-00000000000000000000/build/src/ipc/chromium/src/chrome/common/ipc_channel_win.cc, line 346
1621487901440	geckodriver	INFO	Listening on 127.0.0.1:55381
1621487904411	mozrunner::runner	INFO	Running command: "C:\\Program Files\\Mozilla Firefox\\firefox.exe" "--marionette" "-foreground" "-no-remote" "-profile" "C:\\Users\\Master\\AppData\\Local\\Temp\\rust_mozprofilekxZbQq"
Unable to read VR Path Registry from C:\Users\Master\AppData\Local\openvr\openvrpaths.vrpath
Unable to read VR Path Registry from C:\Users\Master\AppData\Local\openvr\openvrpaths.vrpath
Unable to read VR Path Registry from C:\Users\Master\AppData\Local\openvr\openvrpaths.vrpath
[GPU 5016] WARNING: pipe error: 109: file c:/builds/moz2_slave/m-rel-w64-00000000000000000000/build/src/ipc/chromium/src/chrome/common/ipc_channel_win.cc, line 346
[Child 3312] WARNING: pipe error: 109: file c:/builds/moz2_slave/m-rel-w64-00000000000000000000/build/src/ipc/chromium/src/chrome/common/ipc_channel_win.cc, line 346
[Child 3312] WARNING: pipe error: 109: file c:/builds/moz2_slave/m-rel-w64-00000000000000000000/build/src/ipc/chromium/src/chrome/common/ipc_channel_win.cc, line 346
Unable to read VR Path Registry from C:\Users\Master\AppData\Local\openvr\openvrpaths.vrpath
[GPU 5016] WARNING: pipe error: 109: file c:/builds/moz2_slave/m-rel-w64-00000000000000000000/build/src/ipc/chromium/src/chrome/common/ipc_channel_win.cc, line 346
[GPU 5016] WARNING: pipe error: 109: file c:/builds/moz2_slave/m-rel-w64-00000000000000000000/build/src/ipc/chromium/src/chrome/common/ipc_channel_win.cc, line 346
[Parent 13548] WARNING: pipe error: 109: file c:/builds/moz2_slave/m-rel-w64-00000000000000000000/build/src/ipc/chromium/src/chrome/common/ipc_channel_win.cc, line 346
[Child 12124] WARNING: pipe error: 109: file c:/builds/moz2_slave/m-rel-w64-00000000000000000000/build/src/ipc/chromium/src/chrome/common/ipc_channel_win.cc, line 346
[Child 12124] WARNING: pipe error: 109: file c:/builds/moz2_slave/m-rel-w64-00000000000000000000/build/src/ipc/chromium/src/chrome/common/ipc_channel_win.cc, line 346

###!!! [Child][MessageChannel::SendAndWait] Error: Channel error: cannot send/recv

1621610025221	geckodriver	INFO	Listening on 127.0.0.1:54924
1621610029377	mozrunner::runner	INFO	Running command: "C:\\Program Files\\Mozilla Firefox\\firefox.exe" "--marionette" "-foreground" "-no-remote" "-profile" "C:\\Users\\Master\\AppData\\Local\\Temp\\rust_mozprofilepQ2FbD"
Unable to read VR Path Registry from C:\Users\Master\AppData\Local\openvr\openvrpaths.vrpath
Unable to read VR Path Registry from C:\Users\Master\AppData\Local\openvr\openvrpaths.vrpath
Unable to read VR Path Registry from C:\Users\Master\AppData\Local\openvr\openvrpaths.vrpath
[GPU 5432] WARNING: pipe error: 109: file c:/builds/moz2_slave/m-rel-w64-00000000000000000000/build/src/ipc/chromium/src/chrome/common/ipc_channel_win.cc, line 346
1621610093228	geckodriver	INFO	Listening on 127.0.0.1:54980
1621610096335	mozrunner::runner	INFO	Running command: "C:\\Program Files\\Mozilla Firefox\\firefox.exe" "--marionette" "-foreground" "-no-remote" "-profile" "C:\\Users\\Master\\AppData\\Local\\Temp\\rust_mozprofileJ5zn1F"
Unable to read VR Path Registry from C:\Users\Master\AppData\Local\openvr\openvrpaths.vrpath
Unable to read VR Path Registry from C:\Users\Master\AppData\Local\openvr\openvrpaths.vrpath
Unable to read VR Path Registry from C:\Users\Master\AppData\Local\openvr\openvrpaths.vrpath
[GPU 12144] WARNING: pipe error: 109: file c:/builds/moz2_slave/m-rel-w64-00000000000000000000/build/src/ipc/chromium/src/chrome/common/ipc_channel_win.cc, line 346
[Parent 8352] WARNING: pipe error: 109: file c:/builds/moz2_slave/m-rel-w64-00000000000000000000/build/src/ipc/chromium/src/chrome/common/ipc_channel_win.cc, line 346
Unable to read VR Path Registry from C:\Users\Master\AppData\Local\openvr\openvrpaths.vrpath
[Child 13040] WARNING: pipe error: 109: file c:/builds/moz2_slave/m-rel-w64-00000000000000000000/build/src/ipc/chromium/src/chrome/common/ipc_channel_win.cc, line 346
[Child 13040] WARNING: pipe error: 109: file c:/builds/moz2_slave/m-rel-w64-00000000000000000000/build/src/ipc/chromium/src/chrome/common/ipc_channel_win.cc, line 346
[GPU 12144] WARNING: pipe error: 109: file c:/builds/moz2_slave/m-rel-w64-00000000000000000000/build/src/ipc/chromium/src/chrome/common/ipc_channel_win.cc, line 346

###!!! [Child][MessageChannel::SendAndWait] Error: Channel error: cannot send/recv

